# JRE version: OpenJDK Runtime Environment Temurin-21.0.8+9 (21.0.8+9) (build 21.0.8+9-LTS)
# Java VM: OpenJDK 64-Bit Server VM Temurin-21.0.8+9 (21.0.8+9-LTS, mixed mode, sharing, tiered, compressed oops, compressed class ptrs, parallel gc, windows-amd64)
GC Precious Log:
 CardTable entry size: 512
 CPUs: 4 total, 4 available
 Memory: 16218M
 Large Page Support: Disabled
 NUMA Support: Disabled
 Compressed Oops: Enabled (32-bit)
 Alignments: Space 512K, Generation 512K, Heap 2M
 Heap Min Capacity: 100M
 Heap Initial Capacity: 100M
 Heap Max Capacity: 2G
 Pre-touch: Disabled
 Parallel Workers: 4
Heap:
 PSYoungGen      total 2048K, used 1961K [0x00000000d5580000, 0x00000000d5880000, 0x0000000100000000)
  eden space 1536K, 98% used [0x00000000d5580000,0x00000000d56fa5d0,0x00000000d5700000)
  from space 512K, 87% used [0x00000000d5800000,0x00000000d5870060,0x00000000d5880000)
  to   space 512K, 50% used [0x00000000d5700000,0x00000000d5740000,0x00000000d5780000)
 ParOldGen       total 204288K, used 204284K [0x0000000080000000, 0x000000008c780000, 0x00000000d5580000)
  object space 204288K, 99% used [0x0000000080000000,0x000000008c77f250,0x000000008c780000)
 Metaspace       used 74222K, committed 75840K, reserved 1179648K
  class space    used 7650K, committed 8320K, reserved 1048576K
GC Heap History (20 events):
Event: 171.588 GC heap after
{Heap after GC invocations=247 (full 3):
 PSYoungGen      total 2048K, used 499K [0x00000000d5580000, 0x00000000d5a80000, 0x0000000100000000)
  eden space 1536K, 0% used [0x00000000d5580000,0x00000000d5580000,0x00000000d5700000)
  from space 512K, 97% used [0x00000000d5880000,0x00000000d58fcc30,0x00000000d5900000)
  to   space 1536K, 0% used [0x00000000d5700000,0x00000000d5700000,0x00000000d5880000)
 ParOldGen       total 200704K, used 200529K [0x0000000080000000, 0x000000008c400000, 0x00000000d5580000)
  object space 200704K, 99% used [0x0000000080000000,0x000000008c3d4488,0x000000008c400000)
 Metaspace       used 74216K, committed 75776K, reserved 1179648K
  class space    used 7650K, committed 8320K, reserved 1048576K
}
Event: 171.606 GC heap before
{Heap before GC invocations=248 (full 3):
 PSYoungGen      total 2048K, used 2011K [0x00000000d5580000, 0x00000000d5a80000, 0x0000000100000000)
  eden space 1536K, 98% used [0x00000000d5580000,0x00000000d56fa200,0x00000000d5700000)
  from space 512K, 97% used [0x00000000d5880000,0x00000000d58fcc30,0x00000000d5900000)
  to   space 1536K, 0% used [0x00000000d5700000,0x00000000d5700000,0x00000000d5880000)
 ParOldGen       total 200704K, used 200529K [0x0000000080000000, 0x000000008c400000, 0x00000000d5580000)
  object space 200704K, 99% used [0x0000000080000000,0x000000008c3d4488,0x000000008c400000)
 Metaspace       used 74217K, committed 75776K, reserved 1179648K
  class space    used 7650K, committed 8320K, reserved 1048576K
}
Event: 171.607 GC heap after
{Heap after GC invocations=248 (full 3):
 PSYoungGen      total 2048K, used 350K [0x00000000d5580000, 0x00000000d5900000, 0x0000000100000000)
  eden space 1536K, 0% used [0x00000000d5580000,0x00000000d5580000,0x00000000d5700000)
  from space 512K, 68% used [0x00000000d5700000,0x00000000d57578a8,0x00000000d5780000)
  to   space 1024K, 0% used [0x00000000d5800000,0x00000000d5800000,0x00000000d5900000)
 ParOldGen       total 201216K, used 201014K [0x0000000080000000, 0x000000008c480000, 0x00000000d5580000)
  object space 201216K, 99% used [0x0000000080000000,0x000000008c44d960,0x000000008c480000)
 Metaspace       used 74217K, committed 75776K, reserved 1179648K
  class space    used 7650K, committed 8320K, reserved 1048576K
}
Event: 171.711 GC heap before
{Heap before GC invocations=249 (full 3):
 PSYoungGen      total 2048K, used 1886K [0x00000000d5580000, 0x00000000d5900000, 0x0000000100000000)
  eden space 1536K, 100% used [0x00000000d5580000,0x00000000d5700000,0x00000000d5700000)
  from space 512K, 68% used [0x00000000d5700000,0x00000000d57578a8,0x00000000d5780000)
  to   space 1024K, 0% used [0x00000000d5800000,0x00000000d5800000,0x00000000d5900000)
 ParOldGen       total 201216K, used 201014K [0x0000000080000000, 0x000000008c480000, 0x00000000d5580000)
  object space 201216K, 99% used [0x0000000080000000,0x000000008c44d960,0x000000008c480000)
 Metaspace       used 74217K, committed 75776K, reserved 1179648K
  class space    used 7650K, committed 8320K, reserved 1048576K
}
Event: 171.716 GC heap after
{Heap after GC invocations=249 (full 3):
 PSYoungGen      total 2048K, used 414K [0x00000000d5580000, 0x00000000d5880000, 0x0000000100000000)
  eden space 1536K, 0% used [0x00000000d5580000,0x00000000d5580000,0x00000000d5700000)
  from space 512K, 80% used [0x00000000d5800000,0x00000000d58678a8,0x00000000d5880000)
  to   space 512K, 0% used [0x00000000d5700000,0x00000000d5700000,0x00000000d5780000)
 ParOldGen       total 201728K, used 201319K [0x0000000080000000, 0x000000008c500000, 0x00000000d5580000)
  object space 201728K, 99% used [0x0000000080000000,0x000000008c499d58,0x000000008c500000)
 Metaspace       used 74217K, committed 75776K, reserved 1179648K
  class space    used 7650K, committed 8320K, reserved 1048576K
}
Event: 171.754 GC heap before
{Heap before GC invocations=250 (full 3):
 PSYoungGen      total 2048K, used 1950K [0x00000000d5580000, 0x00000000d5880000, 0x0000000100000000)
  eden space 1536K, 100% used [0x00000000d5580000,0x00000000d5700000,0x00000000d5700000)
  from space 512K, 80% used [0x00000000d5800000,0x00000000d58678a8,0x00000000d5880000)
  to   space 512K, 0% used [0x00000000d5700000,0x00000000d5700000,0x00000000d5780000)
 ParOldGen       total 201728K, used 201319K [0x0000000080000000, 0x000000008c500000, 0x00000000d5580000)
  object space 201728K, 99% used [0x0000000080000000,0x000000008c499d58,0x000000008c500000)
 Metaspace       used 74217K, committed 75776K, reserved 1179648K
  class space    used 7650K, committed 8320K, reserved 1048576K
}
Event: 171.755 GC heap after
{Heap after GC invocations=250 (full 3):
 PSYoungGen      total 2048K, used 384K [0x00000000d5580000, 0x00000000d5880000, 0x0000000100000000)
  eden space 1536K, 0% used [0x00000000d5580000,0x00000000d5580000,0x00000000d5700000)
  from space 512K, 75% used [0x00000000d5700000,0x00000000d5760360,0x00000000d5780000)
  to   space 512K, 0% used [0x00000000d5800000,0x00000000d5800000,0x00000000d5880000)
 ParOldGen       total 201728K, used 201658K [0x0000000080000000, 0x000000008c500000, 0x00000000d5580000)
  object space 201728K, 99% used [0x0000000080000000,0x000000008c4eeae0,0x000000008c500000)
 Metaspace       used 74217K, committed 75776K, reserved 1179648K
  class space    used 7650K, committed 8320K, reserved 1048576K
}
Event: 171.772 GC heap before
{Heap before GC invocations=251 (full 3):
 PSYoungGen      total 2048K, used 1920K [0x00000000d5580000, 0x00000000d5880000, 0x0000000100000000)
  eden space 1536K, 100% used [0x00000000d5580000,0x00000000d5700000,0x00000000d5700000)
  from space 512K, 75% used [0x00000000d5700000,0x00000000d5760360,0x00000000d5780000)
  to   space 512K, 0% used [0x00000000d5800000,0x00000000d5800000,0x00000000d5880000)
 ParOldGen       total 201728K, used 201658K [0x0000000080000000, 0x000000008c500000, 0x00000000d5580000)
  object space 201728K, 99% used [0x0000000080000000,0x000000008c4eeae0,0x000000008c500000)
 Metaspace       used 74217K, committed 75776K, reserved 1179648K
  class space    used 7650K, committed 8320K, reserved 1048576K
}
Event: 171.774 GC heap after
{Heap after GC invocations=251 (full 3):
 PSYoungGen      total 2048K, used 404K [0x00000000d5580000, 0x00000000d5880000, 0x0000000100000000)
  eden space 1536K, 0% used [0x00000000d5580000,0x00000000d5580000,0x00000000d5700000)
  from space 512K, 79% used [0x00000000d5800000,0x00000000d5865300,0x00000000d5880000)
  to   space 512K, 0% used [0x00000000d5700000,0x00000000d5700000,0x00000000d5780000)
 ParOldGen       total 202240K, used 201994K [0x0000000080000000, 0x000000008c580000, 0x00000000d5580000)
  object space 202240K, 99% used [0x0000000080000000,0x000000008c542b70,0x000000008c580000)
 Metaspace       used 74217K, committed 75776K, reserved 1179648K
  class space    used 7650K, committed 8320K, reserved 1048576K
}
Event: 171.790 GC heap before
{Heap before GC invocations=252 (full 3):
 PSYoungGen      total 2048K, used 1940K [0x00000000d5580000, 0x00000000d5880000, 0x0000000100000000)
  eden space 1536K, 99% used [0x00000000d5580000,0x00000000d56fff20,0x00000000d5700000)
  from space 512K, 79% used [0x00000000d5800000,0x00000000d5865300,0x00000000d5880000)
  to   space 512K, 0% used [0x00000000d5700000,0x00000000d5700000,0x00000000d5780000)
 ParOldGen       total 202240K, used 201994K [0x0000000080000000, 0x000000008c580000, 0x00000000d5580000)
  object space 202240K, 99% used [0x0000000080000000,0x000000008c542b70,0x000000008c580000)
 Metaspace       used 74222K, committed 75840K, reserved 1179648K
  class space    used 7650K, committed 8320K, reserved 1048576K
}
Event: 171.791 GC heap after
{Heap after GC invocations=252 (full 3):
 PSYoungGen      total 2048K, used 353K [0x00000000d5580000, 0x00000000d5880000, 0x0000000100000000)
  eden space 1536K, 0% used [0x00000000d5580000,0x00000000d5580000,0x00000000d5700000)
  from space 512K, 68% used [0x00000000d5700000,0x00000000d5758418,0x00000000d5780000)
  to   space 512K, 0% used [0x00000000d5800000,0x00000000d5800000,0x00000000d5880000)
 ParOldGen       total 202752K, used 202332K [0x0000000080000000, 0x000000008c600000, 0x00000000d5580000)
  object space 202752K, 99% used [0x0000000080000000,0x000000008c597340,0x000000008c600000)
 Metaspace       used 74222K, committed 75840K, reserved 1179648K
  class space    used 7650K, committed 8320K, reserved 1048576K
}
Event: 171.968 GC heap before
{Heap before GC invocations=253 (full 3):
 PSYoungGen      total 2048K, used 1889K [0x00000000d5580000, 0x00000000d5880000, 0x0000000100000000)
  eden space 1536K, 100% used [0x00000000d5580000,0x00000000d5700000,0x00000000d5700000)
  from space 512K, 68% used [0x00000000d5700000,0x00000000d5758418,0x00000000d5780000)
  to   space 512K, 0% used [0x00000000d5800000,0x00000000d5800000,0x00000000d5880000)
 ParOldGen       total 202752K, used 202332K [0x0000000080000000, 0x000000008c600000, 0x00000000d5580000)
  object space 202752K, 99% used [0x0000000080000000,0x000000008c597340,0x000000008c600000)
 Metaspace       used 74222K, committed 75840K, reserved 1179648K
  class space    used 7650K, committed 8320K, reserved 1048576K
}
Event: 171.970 GC heap after
{Heap after GC invocations=253 (full 3):
 PSYoungGen      total 2048K, used 384K [0x00000000d5580000, 0x00000000d5880000, 0x0000000100000000)
  eden space 1536K, 0% used [0x00000000d5580000,0x00000000d5580000,0x00000000d5700000)
  from space 512K, 75% used [0x00000000d5800000,0x00000000d5860000,0x00000000d5880000)
  to   space 512K, 0% used [0x00000000d5700000,0x00000000d5700000,0x00000000d5780000)
 ParOldGen       total 202752K, used 202656K [0x0000000080000000, 0x000000008c600000, 0x00000000d5580000)
  object space 202752K, 99% used [0x0000000080000000,0x000000008c5e8030,0x000000008c600000)
 Metaspace       used 74222K, committed 75840K, reserved 1179648K
  class space    used 7650K, committed 8320K, reserved 1048576K
}
Event: 171.985 GC heap before
{Heap before GC invocations=254 (full 3):
 PSYoungGen      total 2048K, used 1920K [0x00000000d5580000, 0x00000000d5880000, 0x0000000100000000)
  eden space 1536K, 100% used [0x00000000d5580000,0x00000000d5700000,0x00000000d5700000)
  from space 512K, 75% used [0x00000000d5800000,0x00000000d5860000,0x00000000d5880000)
  to   space 512K, 0% used [0x00000000d5700000,0x00000000d5700000,0x00000000d5780000)
 ParOldGen       total 202752K, used 202656K [0x0000000080000000, 0x000000008c600000, 0x00000000d5580000)
  object space 202752K, 99% used [0x0000000080000000,0x000000008c5e8030,0x000000008c600000)
 Metaspace       used 74222K, committed 75840K, reserved 1179648K
  class space    used 7650K, committed 8320K, reserved 1048576K
}
Event: 171.987 GC heap after
{Heap after GC invocations=254 (full 3):
 PSYoungGen      total 2048K, used 384K [0x00000000d5580000, 0x00000000d5880000, 0x0000000100000000)
  eden space 1536K, 0% used [0x00000000d5580000,0x00000000d5580000,0x00000000d5700000)
  from space 512K, 75% used [0x00000000d5700000,0x00000000d5760000,0x00000000d5780000)
  to   space 512K, 0% used [0x00000000d5800000,0x00000000d5800000,0x00000000d5880000)
 ParOldGen       total 203264K, used 202987K [0x0000000080000000, 0x000000008c680000, 0x00000000d5580000)
  object space 203264K, 99% used [0x0000000080000000,0x000000008c63adc8,0x000000008c680000)
 Metaspace       used 74222K, committed 75840K, reserved 1179648K
  class space    used 7650K, committed 8320K, reserved 1048576K
}
Event: 172.011 GC heap before
{Heap before GC invocations=255 (full 3):
 PSYoungGen      total 2048K, used 1919K [0x00000000d5580000, 0x00000000d5880000, 0x0000000100000000)
  eden space 1536K, 99% used [0x00000000d5580000,0x00000000d56ffeb8,0x00000000d5700000)
  from space 512K, 75% used [0x00000000d5700000,0x00000000d5760000,0x00000000d5780000)
  to   space 512K, 0% used [0x00000000d5800000,0x00000000d5800000,0x00000000d5880000)
 ParOldGen       total 203264K, used 202987K [0x0000000080000000, 0x000000008c680000, 0x00000000d5580000)
  object space 203264K, 99% used [0x0000000080000000,0x000000008c63adc8,0x000000008c680000)
 Metaspace       used 74222K, committed 75840K, reserved 1179648K
  class space    used 7650K, committed 8320K, reserved 1048576K
}
Event: 172.014 GC heap after
{Heap after GC invocations=255 (full 3):
 PSYoungGen      total 2048K, used 320K [0x00000000d5580000, 0x00000000d5880000, 0x0000000100000000)
  eden space 1536K, 0% used [0x00000000d5580000,0x00000000d5580000,0x00000000d5700000)
  from space 512K, 62% used [0x00000000d5800000,0x00000000d58502d8,0x00000000d5880000)
  to   space 512K, 0% used [0x00000000d5700000,0x00000000d5700000,0x00000000d5780000)
 ParOldGen       total 203776K, used 203314K [0x0000000080000000, 0x000000008c700000, 0x00000000d5580000)
  object space 203776K, 99% used [0x0000000080000000,0x000000008c68cad8,0x000000008c700000)
 Metaspace       used 74222K, committed 75840K, reserved 1179648K
  class space    used 7650K, committed 8320K, reserved 1048576K
}
Event: 172.121 GC heap before
{Heap before GC invocations=256 (full 3):
 PSYoungGen      total 2048K, used 1856K [0x00000000d5580000, 0x00000000d5880000, 0x0000000100000000)
  eden space 1536K, 100% used [0x00000000d5580000,0x00000000d5700000,0x00000000d5700000)
  from space 512K, 62% used [0x00000000d5800000,0x00000000d58502d8,0x00000000d5880000)
  to   space 512K, 0% used [0x00000000d5700000,0x00000000d5700000,0x00000000d5780000)
 ParOldGen       total 203776K, used 203314K [0x0000000080000000, 0x000000008c700000, 0x00000000d5580000)
  object space 203776K, 99% used [0x0000000080000000,0x000000008c68cad8,0x000000008c700000)
 Metaspace       used 74222K, committed 75840K, reserved 1179648K
  class space    used 7650K, committed 8320K, reserved 1048576K
}
Event: 172.122 GC heap after
{Heap after GC invocations=256 (full 3):
 PSYoungGen      total 2048K, used 384K [0x00000000d5580000, 0x00000000d5880000, 0x0000000100000000)
  eden space 1536K, 0% used [0x00000000d5580000,0x00000000d5580000,0x00000000d5700000)
  from space 512K, 75% used [0x00000000d5700000,0x00000000d5760000,0x00000000d5780000)
  to   space 512K, 0% used [0x00000000d5800000,0x00000000d5800000,0x00000000d5880000)
 ParOldGen       total 203776K, used 203634K [0x0000000080000000, 0x000000008c700000, 0x00000000d5580000)
  object space 203776K, 99% used [0x0000000080000000,0x000000008c6dc820,0x000000008c700000)
 Metaspace       used 74222K, committed 75840K, reserved 1179648K
  class space    used 7650K, committed 8320K, reserved 1048576K
}
Event: 172.460 GC heap before
{Heap before GC invocations=257 (full 3):
 PSYoungGen      total 2048K, used 1920K [0x00000000d5580000, 0x00000000d5880000, 0x0000000100000000)
  eden space 1536K, 100% used [0x00000000d5580000,0x00000000d5700000,0x00000000d5700000)
  from space 512K, 75% used [0x00000000d5700000,0x00000000d5760000,0x00000000d5780000)
  to   space 512K, 0% used [0x00000000d5800000,0x00000000d5800000,0x00000000d5880000)
 ParOldGen       total 203776K, used 203634K [0x0000000080000000, 0x000000008c700000, 0x00000000d5580000)
  object space 203776K, 99% used [0x0000000080000000,0x000000008c6dc820,0x000000008c700000)
 Metaspace       used 74222K, committed 75840K, reserved 1179648K
  class space    used 7650K, committed 8320K, reserved 1048576K
}

