# JRE version: OpenJDK Runtime Environment Temurin-21.0.8+9 (21.0.8+9) (build 21.0.8+9-LTS)
# Java VM: OpenJDK 64-Bit Server VM Temurin-21.0.8+9 (21.0.8+9-LTS, mixed mode, sharing, tiered, compressed oops, compressed class ptrs, parallel gc, windows-amd64)
GC Precious Log:
 CardTable entry size: 512
 CPUs: 4 total, 4 available
 Memory: 16218M
 Large Page Support: Disabled
 NUMA Support: Disabled
 Compressed Oops: Enabled (32-bit)
 Alignments: Space 512K, Generation 512K, Heap 2M
 Heap Min Capacity: 100M
 Heap Initial Capacity: 100M
 Heap Max Capacity: 2G
 Pre-touch: Disabled
 Parallel Workers: 4
Heap:
 PSYoungGen      total 5632K, used 4182K [0x00000000d5580000, 0x00000000d5e00000, 0x0000000100000000)
  eden space 5120K, 72% used [0x00000000d5580000,0x00000000d5921ab0,0x00000000d5a80000)
  from space 512K, 90% used [0x00000000d5d80000,0x00000000d5df4010,0x00000000d5e00000)
  to   space 1536K, 0% used [0x00000000d5b00000,0x00000000d5b00000,0x00000000d5c80000)
 ParOldGen       total 1116672K, used 1116274K [0x0000000080000000, 0x00000000c4280000, 0x00000000d5580000)
  object space 1116672K, 99% used [0x0000000080000000,0x00000000c421ca60,0x00000000c4280000)
 Metaspace       used 92302K, committed 94080K, reserved 1179648K
  class space    used 9288K, committed 10112K, reserved 1048576K
GC Heap History (20 events):
Event: 1125.167 GC heap before
{Heap before GC invocations=3071 (full 5):
 PSYoungGen      total 5632K, used 5344K [0x00000000d5580000, 0x00000000d5c80000, 0x0000000100000000)
  eden space 4608K, 100% used [0x00000000d5580000,0x00000000d5a00000,0x00000000d5a00000)
  from space 1024K, 71% used [0x00000000d5b80000,0x00000000d5c38000,0x00000000d5c80000)
  to   space 1024K, 0% used [0x00000000d5a00000,0x00000000d5a00000,0x00000000d5b00000)
 ParOldGen       total 1101824K, used 1101623K [0x0000000080000000, 0x00000000c3400000, 0x00000000d5580000)
  object space 1101824K, 99% used [0x0000000080000000,0x00000000c33cdea8,0x00000000c3400000)
 Metaspace       used 92138K, committed 93952K, reserved 1179648K
  class space    used 9287K, committed 10112K, reserved 1048576K
}
Event: 1125.175 GC heap after
{Heap after GC invocations=3071 (full 5):
 PSYoungGen      total 5632K, used 692K [0x00000000d5580000, 0x00000000d5c00000, 0x0000000100000000)
  eden space 4608K, 0% used [0x00000000d5580000,0x00000000d5580000,0x00000000d5a00000)
  from space 1024K, 67% used [0x00000000d5a00000,0x00000000d5aad200,0x00000000d5b00000)
  to   space 1024K, 0% used [0x00000000d5b00000,0x00000000d5b00000,0x00000000d5c00000)
 ParOldGen       total 1102336K, used 1102303K [0x0000000080000000, 0x00000000c3480000, 0x00000000d5580000)
  object space 1102336K, 99% used [0x0000000080000000,0x00000000c3477e08,0x00000000c3480000)
 Metaspace       used 92138K, committed 93952K, reserved 1179648K
  class space    used 9287K, committed 10112K, reserved 1048576K
}
Event: 1125.193 GC heap before
{Heap before GC invocations=3072 (full 5):
 PSYoungGen      total 5632K, used 5300K [0x00000000d5580000, 0x00000000d5c00000, 0x0000000100000000)
  eden space 4608K, 100% used [0x00000000d5580000,0x00000000d5a00000,0x00000000d5a00000)
  from space 1024K, 67% used [0x00000000d5a00000,0x00000000d5aad200,0x00000000d5b00000)
  to   space 1024K, 0% used [0x00000000d5b00000,0x00000000d5b00000,0x00000000d5c00000)
 ParOldGen       total 1102336K, used 1102303K [0x0000000080000000, 0x00000000c3480000, 0x00000000d5580000)
  object space 1102336K, 99% used [0x0000000080000000,0x00000000c3477e08,0x00000000c3480000)
 Metaspace       used 92139K, committed 93952K, reserved 1179648K
  class space    used 9287K, committed 10112K, reserved 1048576K
}
Event: 1125.201 GC heap after
{Heap after GC invocations=3072 (full 5):
 PSYoungGen      total 5632K, used 559K [0x00000000d5580000, 0x00000000d5d00000, 0x0000000100000000)
  eden space 4608K, 0% used [0x00000000d5580000,0x00000000d5580000,0x00000000d5a00000)
  from space 1024K, 54% used [0x00000000d5b00000,0x00000000d5b8beb8,0x00000000d5c00000)
  to   space 1024K, 0% used [0x00000000d5a00000,0x00000000d5a00000,0x00000000d5b00000)
 ParOldGen       total 1103360K, used 1102919K [0x0000000080000000, 0x00000000c3580000, 0x00000000d5580000)
  object space 1103360K, 99% used [0x0000000080000000,0x00000000c3511d70,0x00000000c3580000)
 Metaspace       used 92139K, committed 93952K, reserved 1179648K
  class space    used 9287K, committed 10112K, reserved 1048576K
}
Event: 1125.219 GC heap before
{Heap before GC invocations=3073 (full 5):
 PSYoungGen      total 5632K, used 5167K [0x00000000d5580000, 0x00000000d5d00000, 0x0000000100000000)
  eden space 4608K, 100% used [0x00000000d5580000,0x00000000d5a00000,0x00000000d5a00000)
  from space 1024K, 54% used [0x00000000d5b00000,0x00000000d5b8beb8,0x00000000d5c00000)
  to   space 1024K, 0% used [0x00000000d5a00000,0x00000000d5a00000,0x00000000d5b00000)
 ParOldGen       total 1103360K, used 1102919K [0x0000000080000000, 0x00000000c3580000, 0x00000000d5580000)
  object space 1103360K, 99% used [0x0000000080000000,0x00000000c3511d70,0x00000000c3580000)
 Metaspace       used 92258K, committed 94080K, reserved 1179648K
  class space    used 9287K, committed 10112K, reserved 1048576K
}
Event: 1125.223 GC heap after
{Heap after GC invocations=3073 (full 5):
 PSYoungGen      total 5632K, used 512K [0x00000000d5580000, 0x00000000d5d00000, 0x0000000100000000)
  eden space 4608K, 0% used [0x00000000d5580000,0x00000000d5580000,0x00000000d5a00000)
  from space 1024K, 50% used [0x00000000d5a00000,0x00000000d5a80000,0x00000000d5b00000)
  to   space 1024K, 0% used [0x00000000d5c00000,0x00000000d5c00000,0x00000000d5d00000)
 ParOldGen       total 1103872K, used 1103407K [0x0000000080000000, 0x00000000c3600000, 0x00000000d5580000)
  object space 1103872K, 99% used [0x0000000080000000,0x00000000c358bc28,0x00000000c3600000)
 Metaspace       used 92258K, committed 94080K, reserved 1179648K
  class space    used 9287K, committed 10112K, reserved 1048576K
}
Event: 1125.255 GC heap before
{Heap before GC invocations=3074 (full 5):
 PSYoungGen      total 5632K, used 5120K [0x00000000d5580000, 0x00000000d5d00000, 0x0000000100000000)
  eden space 4608K, 100% used [0x00000000d5580000,0x00000000d5a00000,0x00000000d5a00000)
  from space 1024K, 50% used [0x00000000d5a00000,0x00000000d5a80000,0x00000000d5b00000)
  to   space 1024K, 0% used [0x00000000d5c00000,0x00000000d5c00000,0x00000000d5d00000)
 ParOldGen       total 1103872K, used 1103407K [0x0000000080000000, 0x00000000c3600000, 0x00000000d5580000)
  object space 1103872K, 99% used [0x0000000080000000,0x00000000c358bc28,0x00000000c3600000)
 Metaspace       used 92282K, committed 94080K, reserved 1179648K
  class space    used 9287K, committed 10112K, reserved 1048576K
}
Event: 1125.260 GC heap after
{Heap after GC invocations=3074 (full 5):
 PSYoungGen      total 5120K, used 1010K [0x00000000d5580000, 0x00000000d5f00000, 0x0000000100000000)
  eden space 4096K, 0% used [0x00000000d5580000,0x00000000d5580000,0x00000000d5980000)
  from space 1024K, 98% used [0x00000000d5c00000,0x00000000d5cfc860,0x00000000d5d00000)
  to   space 2560K, 0% used [0x00000000d5980000,0x00000000d5980000,0x00000000d5c00000)
 ParOldGen       total 1104896K, used 1104483K [0x0000000080000000, 0x00000000c3700000, 0x00000000d5580000)
  object space 1104896K, 99% used [0x0000000080000000,0x00000000c3698f90,0x00000000c3700000)
 Metaspace       used 92282K, committed 94080K, reserved 1179648K
  class space    used 9287K, committed 10112K, reserved 1048576K
}
Event: 1125.277 GC heap before
{Heap before GC invocations=3075 (full 5):
 PSYoungGen      total 5120K, used 5106K [0x00000000d5580000, 0x00000000d5f00000, 0x0000000100000000)
  eden space 4096K, 100% used [0x00000000d5580000,0x00000000d5980000,0x00000000d5980000)
  from space 1024K, 98% used [0x00000000d5c00000,0x00000000d5cfc860,0x00000000d5d00000)
  to   space 2560K, 0% used [0x00000000d5980000,0x00000000d5980000,0x00000000d5c00000)
 ParOldGen       total 1104896K, used 1104483K [0x0000000080000000, 0x00000000c3700000, 0x00000000d5580000)
  object space 1104896K, 99% used [0x0000000080000000,0x00000000c3698f90,0x00000000c3700000)
 Metaspace       used 92283K, committed 94080K, reserved 1179648K
  class space    used 9287K, committed 10112K, reserved 1048576K
}
Event: 1125.283 GC heap after
{Heap after GC invocations=3075 (full 5):
 PSYoungGen      total 6656K, used 1952K [0x00000000d5580000, 0x00000000d5e80000, 0x0000000100000000)
  eden space 4096K, 0% used [0x00000000d5580000,0x00000000d5580000,0x00000000d5980000)
  from space 2560K, 76% used [0x00000000d5980000,0x00000000d5b68000,0x00000000d5c00000)
  to   space 2048K, 0% used [0x00000000d5c80000,0x00000000d5c80000,0x00000000d5e80000)
 ParOldGen       total 1105920K, used 1105502K [0x0000000080000000, 0x00000000c3800000, 0x00000000d5580000)
  object space 1105920K, 99% used [0x0000000080000000,0x00000000c3797810,0x00000000c3800000)
 Metaspace       used 92283K, committed 94080K, reserved 1179648K
  class space    used 9287K, committed 10112K, reserved 1048576K
}
Event: 1125.320 GC heap before
{Heap before GC invocations=3076 (full 5):
 PSYoungGen      total 6656K, used 6048K [0x00000000d5580000, 0x00000000d5e80000, 0x0000000100000000)
  eden space 4096K, 100% used [0x00000000d5580000,0x00000000d5980000,0x00000000d5980000)
  from space 2560K, 76% used [0x00000000d5980000,0x00000000d5b68000,0x00000000d5c00000)
  to   space 2048K, 0% used [0x00000000d5c80000,0x00000000d5c80000,0x00000000d5e80000)
 ParOldGen       total 1105920K, used 1105502K [0x0000000080000000, 0x00000000c3800000, 0x00000000d5580000)
  object space 1105920K, 99% used [0x0000000080000000,0x00000000c3797810,0x00000000c3800000)
 Metaspace       used 92285K, committed 94080K, reserved 1179648K
  class space    used 9287K, committed 10112K, reserved 1048576K
}
Event: 1125.327 GC heap after
{Heap after GC invocations=3076 (full 5):
 PSYoungGen      total 6144K, used 1813K [0x00000000d5580000, 0x00000000d5e80000, 0x0000000100000000)
  eden space 4096K, 0% used [0x00000000d5580000,0x00000000d5580000,0x00000000d5980000)
  from space 2048K, 88% used [0x00000000d5c80000,0x00000000d5e45760,0x00000000d5e80000)
  to   space 2048K, 0% used [0x00000000d5a80000,0x00000000d5a80000,0x00000000d5c80000)
 ParOldGen       total 1107456K, used 1107342K [0x0000000080000000, 0x00000000c3980000, 0x00000000d5580000)
  object space 1107456K, 99% used [0x0000000080000000,0x00000000c3963810,0x00000000c3980000)
 Metaspace       used 92285K, committed 94080K, reserved 1179648K
  class space    used 9287K, committed 10112K, reserved 1048576K
}
Event: 1125.344 GC heap before
{Heap before GC invocations=3077 (full 5):
 PSYoungGen      total 6144K, used 5909K [0x00000000d5580000, 0x00000000d5e80000, 0x0000000100000000)
  eden space 4096K, 100% used [0x00000000d5580000,0x00000000d5980000,0x00000000d5980000)
  from space 2048K, 88% used [0x00000000d5c80000,0x00000000d5e45760,0x00000000d5e80000)
  to   space 2048K, 0% used [0x00000000d5a80000,0x00000000d5a80000,0x00000000d5c80000)
 ParOldGen       total 1107456K, used 1107342K [0x0000000080000000, 0x00000000c3980000, 0x00000000d5580000)
  object space 1107456K, 99% used [0x0000000080000000,0x00000000c3963810,0x00000000c3980000)
 Metaspace       used 92285K, committed 94080K, reserved 1179648K
  class space    used 9287K, committed 10112K, reserved 1048576K
}
Event: 1125.349 GC heap after
{Heap after GC invocations=3077 (full 5):
 PSYoungGen      total 7168K, used 2038K [0x00000000d5580000, 0x00000000d6380000, 0x0000000100000000)
  eden space 5120K, 0% used [0x00000000d5580000,0x00000000d5580000,0x00000000d5a80000)
  from space 2048K, 99% used [0x00000000d5a80000,0x00000000d5c7d820,0x00000000d5c80000)
  to   space 4608K, 0% used [0x00000000d5f00000,0x00000000d5f00000,0x00000000d6380000)
 ParOldGen       total 1109504K, used 1109203K [0x0000000080000000, 0x00000000c3b80000, 0x00000000d5580000)
  object space 1109504K, 99% used [0x0000000080000000,0x00000000c3b34f90,0x00000000c3b80000)
 Metaspace       used 92285K, committed 94080K, reserved 1179648K
  class space    used 9287K, committed 10112K, reserved 1048576K
}
Event: 1125.404 GC heap before
{Heap before GC invocations=3078 (full 5):
 PSYoungGen      total 7168K, used 7158K [0x00000000d5580000, 0x00000000d6380000, 0x0000000100000000)
  eden space 5120K, 100% used [0x00000000d5580000,0x00000000d5a80000,0x00000000d5a80000)
  from space 2048K, 99% used [0x00000000d5a80000,0x00000000d5c7d820,0x00000000d5c80000)
  to   space 4608K, 0% used [0x00000000d5f00000,0x00000000d5f00000,0x00000000d6380000)
 ParOldGen       total 1109504K, used 1109203K [0x0000000080000000, 0x00000000c3b80000, 0x00000000d5580000)
  object space 1109504K, 99% used [0x0000000080000000,0x00000000c3b34f90,0x00000000c3b80000)
 Metaspace       used 92285K, committed 94080K, reserved 1179648K
  class space    used 9287K, committed 10112K, reserved 1048576K
}
Event: 1125.410 GC heap after
{Heap after GC invocations=3078 (full 5):
 PSYoungGen      total 9216K, used 3679K [0x00000000d5580000, 0x00000000d6300000, 0x0000000100000000)
  eden space 5120K, 0% used [0x00000000d5580000,0x00000000d5580000,0x00000000d5a80000)
  from space 4096K, 89% used [0x00000000d5f00000,0x00000000d6297fa0,0x00000000d6300000)
  to   space 4096K, 0% used [0x00000000d5b00000,0x00000000d5b00000,0x00000000d5f00000)
 ParOldGen       total 1111552K, used 1111247K [0x0000000080000000, 0x00000000c3d80000, 0x00000000d5580000)
  object space 1111552K, 99% used [0x0000000080000000,0x00000000c3d33d28,0x00000000c3d80000)
 Metaspace       used 92285K, committed 94080K, reserved 1179648K
  class space    used 9287K, committed 10112K, reserved 1048576K
}
Event: 1125.535 GC heap before
{Heap before GC invocations=3079 (full 5):
 PSYoungGen      total 9216K, used 8799K [0x00000000d5580000, 0x00000000d6300000, 0x0000000100000000)
  eden space 5120K, 100% used [0x00000000d5580000,0x00000000d5a80000,0x00000000d5a80000)
  from space 4096K, 89% used [0x00000000d5f00000,0x00000000d6297fa0,0x00000000d6300000)
  to   space 4096K, 0% used [0x00000000d5b00000,0x00000000d5b00000,0x00000000d5f00000)
 ParOldGen       total 1111552K, used 1111247K [0x0000000080000000, 0x00000000c3d80000, 0x00000000d5580000)
  object space 1111552K, 99% used [0x0000000080000000,0x00000000c3d33d28,0x00000000c3d80000)
 Metaspace       used 92286K, committed 94080K, reserved 1179648K
  class space    used 9287K, committed 10112K, reserved 1048576K
}
Event: 1125.543 GC heap after
{Heap after GC invocations=3079 (full 5):
 PSYoungGen      total 7680K, used 2402K [0x00000000d5580000, 0x00000000d6080000, 0x0000000100000000)
  eden space 5120K, 0% used [0x00000000d5580000,0x00000000d5580000,0x00000000d5a80000)
  from space 2560K, 93% used [0x00000000d5b00000,0x00000000d5d58850,0x00000000d5d80000)
  to   space 3072K, 0% used [0x00000000d5d80000,0x00000000d5d80000,0x00000000d6080000)
 ParOldGen       total 1115136K, used 1114871K [0x0000000080000000, 0x00000000c4100000, 0x00000000d5580000)
  object space 1115136K, 99% used [0x0000000080000000,0x00000000c40bdf70,0x00000000c4100000)
 Metaspace       used 92286K, committed 94080K, reserved 1179648K
  class space    used 9287K, committed 10112K, reserved 1048576K
}
Event: 1125.614 GC heap before
{Heap before GC invocations=3080 (full 5):
 PSYoungGen      total 7680K, used 7522K [0x00000000d5580000, 0x00000000d6080000, 0x0000000100000000)
  eden space 5120K, 100% used [0x00000000d5580000,0x00000000d5a80000,0x00000000d5a80000)
  from space 2560K, 93% used [0x00000000d5b00000,0x00000000d5d58850,0x00000000d5d80000)
  to   space 3072K, 0% used [0x00000000d5d80000,0x00000000d5d80000,0x00000000d6080000)
 ParOldGen       total 1115136K, used 1114871K [0x0000000080000000, 0x00000000c4100000, 0x00000000d5580000)
  object space 1115136K, 99% used [0x0000000080000000,0x00000000c40bdf70,0x00000000c4100000)
 Metaspace       used 92287K, committed 94080K, reserved 1179648K
  class space    used 9287K, committed 10112K, reserved 1048576K
}
Event: 1125.618 GC heap after
{Heap after GC invocations=3080 (full 5):
 PSYoungGen      total 5632K, used 464K [0x00000000d5580000, 0x00000000d5e00000, 0x0000000100000000)
  eden space 5120K, 0% used [0x00000000d5580000,0x00000000d5580000,0x00000000d5a80000)
  from space 512K, 90% used [0x00000000d5d80000,0x00000000d5df4010,0x00000000d5e00000)
  to   space 1536K, 0% used [0x00000000d5b00000,0x00000000d5b00000,0x00000000d5c80000)
 ParOldGen       total 1116672K, used 1116274K [0x0000000080000000, 0x00000000c4280000, 0x00000000d5580000)
  object space 1116672K, 99% used [0x0000000080000000,0x00000000c421ca60,0x00000000c4280000)
 Metaspace       used 92287K, committed 94080K, reserved 1179648K
  class space    used 9287K, committed 10112K, reserved 1048576K
}

