# JRE version: OpenJDK Runtime Environment Temurin-21.0.8+9 (21.0.8+9) (build 21.0.8+9-LTS)
# Java VM: OpenJDK 64-Bit Server VM Temurin-21.0.8+9 (21.0.8+9-LTS, mixed mode, sharing, tiered, compressed oops, compressed class ptrs, parallel gc, windows-amd64)
GC Precious Log:
 CardTable entry size: 512
 CPUs: 4 total, 4 available
 Memory: 16218M
 Large Page Support: Disabled
 NUMA Support: Disabled
 Compressed Oops: Enabled (32-bit)
 Alignments: Space 512K, Generation 512K, Heap 2M
 Heap Min Capacity: 100M
 Heap Initial Capacity: 100M
 Heap Max Capacity: 2G
 Pre-touch: Disabled
 Parallel Workers: 4
Heap:
 PSYoungGen      total 38912K, used 29460K [0x00000000d5580000, 0x00000000d8e80000, 0x0000000100000000)
  eden space 22016K, 57% used [0x00000000d5580000,0x00000000d61cd118,0x00000000d6b00000)
  from space 16896K, 99% used [0x00000000d7e00000,0x00000000d8e78000,0x00000000d8e80000)
  to   space 17920K, 0% used [0x00000000d6b80000,0x00000000d6b80000,0x00000000d7d00000)
 ParOldGen       total 82944K, used 82607K [0x0000000080000000, 0x0000000085100000, 0x00000000d5580000)
  object space 82944K, 99% used [0x0000000080000000,0x00000000850abe00,0x0000000085100000)
 Metaspace       used 51246K, committed 52480K, reserved 1114112K
  class space    used 5666K, committed 6208K, reserved 1048576K
GC Heap History (20 events):
Event: 9.896 GC heap before
{Heap before GC invocations=17 (full 2):
 PSYoungGen      total 22528K, used 22016K [0x00000000d5580000, 0x00000000d7300000, 0x0000000100000000)
  eden space 22016K, 100% used [0x00000000d5580000,0x00000000d6b00000,0x00000000d6b00000)
  from space 512K, 0% used [0x00000000d7280000,0x00000000d7280000,0x00000000d7300000)
  to   space 2048K, 0% used [0x00000000d6f00000,0x00000000d6f00000,0x00000000d7100000)
 ParOldGen       total 68608K, used 17893K [0x0000000080000000, 0x0000000084300000, 0x00000000d5580000)
  object space 68608K, 26% used [0x0000000080000000,0x0000000081179730,0x0000000084300000)
 Metaspace       used 37503K, committed 38464K, reserved 1114112K
  class space    used 3964K, committed 4352K, reserved 1048576K
}
Event: 9.898 GC heap after
{Heap after GC invocations=17 (full 2):
 PSYoungGen      total 24064K, used 2016K [0x00000000d5580000, 0x00000000d7300000, 0x0000000100000000)
  eden space 22016K, 0% used [0x00000000d5580000,0x00000000d5580000,0x00000000d6b00000)
  from space 2048K, 98% used [0x00000000d6f00000,0x00000000d70f8198,0x00000000d7100000)
  to   space 2048K, 0% used [0x00000000d7100000,0x00000000d7100000,0x00000000d7300000)
 ParOldGen       total 68608K, used 18627K [0x0000000080000000, 0x0000000084300000, 0x00000000d5580000)
  object space 68608K, 27% used [0x0000000080000000,0x0000000081230ea0,0x0000000084300000)
 Metaspace       used 37503K, committed 38464K, reserved 1114112K
  class space    used 3964K, committed 4352K, reserved 1048576K
}
Event: 10.096 GC heap before
{Heap before GC invocations=18 (full 2):
 PSYoungGen      total 24064K, used 24032K [0x00000000d5580000, 0x00000000d7300000, 0x0000000100000000)
  eden space 22016K, 100% used [0x00000000d5580000,0x00000000d6b00000,0x00000000d6b00000)
  from space 2048K, 98% used [0x00000000d6f00000,0x00000000d70f8198,0x00000000d7100000)
  to   space 2048K, 0% used [0x00000000d7100000,0x00000000d7100000,0x00000000d7300000)
 ParOldGen       total 68608K, used 18647K [0x0000000080000000, 0x0000000084300000, 0x00000000d5580000)
  object space 68608K, 27% used [0x0000000080000000,0x0000000081235ed0,0x0000000084300000)
 Metaspace       used 40290K, committed 41344K, reserved 1114112K
  class space    used 4296K, committed 4736K, reserved 1048576K
}
Event: 10.100 GC heap after
{Heap after GC invocations=18 (full 2):
 PSYoungGen      total 23552K, used 1504K [0x00000000d5580000, 0x00000000d7280000, 0x0000000100000000)
  eden space 22016K, 0% used [0x00000000d5580000,0x00000000d5580000,0x00000000d6b00000)
  from space 1536K, 97% used [0x00000000d7100000,0x00000000d7278000,0x00000000d7280000)
  to   space 2048K, 0% used [0x00000000d6e80000,0x00000000d6e80000,0x00000000d7080000)
 ParOldGen       total 68608K, used 19426K [0x0000000080000000, 0x0000000084300000, 0x00000000d5580000)
  object space 68608K, 28% used [0x0000000080000000,0x00000000812f8a70,0x0000000084300000)
 Metaspace       used 40290K, committed 41344K, reserved 1114112K
  class space    used 4296K, committed 4736K, reserved 1048576K
}
Event: 10.431 GC heap before
{Heap before GC invocations=19 (full 2):
 PSYoungGen      total 23552K, used 23519K [0x00000000d5580000, 0x00000000d7280000, 0x0000000100000000)
  eden space 22016K, 99% used [0x00000000d5580000,0x00000000d6affff8,0x00000000d6b00000)
  from space 1536K, 97% used [0x00000000d7100000,0x00000000d7278000,0x00000000d7280000)
  to   space 2048K, 0% used [0x00000000d6e80000,0x00000000d6e80000,0x00000000d7080000)
 ParOldGen       total 68608K, used 19430K [0x0000000080000000, 0x0000000084300000, 0x00000000d5580000)
  object space 68608K, 28% used [0x0000000080000000,0x00000000812f9888,0x0000000084300000)
 Metaspace       used 43234K, committed 44352K, reserved 1114112K
  class space    used 4703K, committed 5184K, reserved 1048576K
}
Event: 10.435 GC heap after
{Heap after GC invocations=19 (full 2):
 PSYoungGen      total 23552K, used 1258K [0x00000000d5580000, 0x00000000d7180000, 0x0000000100000000)
  eden space 22016K, 0% used [0x00000000d5580000,0x00000000d5580000,0x00000000d6b00000)
  from space 1536K, 81% used [0x00000000d6e80000,0x00000000d6fbab48,0x00000000d7000000)
  to   space 1536K, 0% used [0x00000000d7000000,0x00000000d7000000,0x00000000d7180000)
 ParOldGen       total 68608K, used 20834K [0x0000000080000000, 0x0000000084300000, 0x00000000d5580000)
  object space 68608K, 30% used [0x0000000080000000,0x0000000081458898,0x0000000084300000)
 Metaspace       used 43234K, committed 44352K, reserved 1114112K
  class space    used 4703K, committed 5184K, reserved 1048576K
}
Event: 11.114 GC heap before
{Heap before GC invocations=20 (full 2):
 PSYoungGen      total 23552K, used 23274K [0x00000000d5580000, 0x00000000d7180000, 0x0000000100000000)
  eden space 22016K, 100% used [0x00000000d5580000,0x00000000d6b00000,0x00000000d6b00000)
  from space 1536K, 81% used [0x00000000d6e80000,0x00000000d6fbab48,0x00000000d7000000)
  to   space 1536K, 0% used [0x00000000d7000000,0x00000000d7000000,0x00000000d7180000)
 ParOldGen       total 68608K, used 20834K [0x0000000080000000, 0x0000000084300000, 0x00000000d5580000)
  object space 68608K, 30% used [0x0000000080000000,0x0000000081458898,0x0000000084300000)
 Metaspace       used 45841K, committed 46912K, reserved 1114112K
  class space    used 5041K, committed 5504K, reserved 1048576K
}
Event: 11.122 GC heap after
{Heap after GC invocations=20 (full 2):
 PSYoungGen      total 23552K, used 1514K [0x00000000d5580000, 0x00000000d7400000, 0x0000000100000000)
  eden space 22016K, 0% used [0x00000000d5580000,0x00000000d5580000,0x00000000d6b00000)
  from space 1536K, 98% used [0x00000000d7000000,0x00000000d717abb8,0x00000000d7180000)
  to   space 4608K, 0% used [0x00000000d6b00000,0x00000000d6b00000,0x00000000d6f80000)
 ParOldGen       total 68608K, used 23286K [0x0000000080000000, 0x0000000084300000, 0x00000000d5580000)
  object space 68608K, 33% used [0x0000000080000000,0x00000000816bd890,0x0000000084300000)
 Metaspace       used 45841K, committed 46912K, reserved 1114112K
  class space    used 5041K, committed 5504K, reserved 1048576K
}
Event: 11.670 GC heap before
{Heap before GC invocations=21 (full 2):
 PSYoungGen      total 23552K, used 23530K [0x00000000d5580000, 0x00000000d7400000, 0x0000000100000000)
  eden space 22016K, 100% used [0x00000000d5580000,0x00000000d6b00000,0x00000000d6b00000)
  from space 1536K, 98% used [0x00000000d7000000,0x00000000d717abb8,0x00000000d7180000)
  to   space 4608K, 0% used [0x00000000d6b00000,0x00000000d6b00000,0x00000000d6f80000)
 ParOldGen       total 68608K, used 23286K [0x0000000080000000, 0x0000000084300000, 0x00000000d5580000)
  object space 68608K, 33% used [0x0000000080000000,0x00000000816bd890,0x0000000084300000)
 Metaspace       used 48297K, committed 49408K, reserved 1114112K
  class space    used 5343K, committed 5824K, reserved 1048576K
}
Event: 11.675 GC heap after
{Heap after GC invocations=21 (full 2):
 PSYoungGen      total 24064K, used 2041K [0x00000000d5580000, 0x00000000d7100000, 0x0000000100000000)
  eden space 22016K, 0% used [0x00000000d5580000,0x00000000d5580000,0x00000000d6b00000)
  from space 2048K, 99% used [0x00000000d6b00000,0x00000000d6cfe638,0x00000000d6d00000)
  to   space 3072K, 0% used [0x00000000d6e00000,0x00000000d6e00000,0x00000000d7100000)
 ParOldGen       total 68608K, used 24410K [0x0000000080000000, 0x0000000084300000, 0x00000000d5580000)
  object space 68608K, 35% used [0x0000000080000000,0x00000000817d68a0,0x0000000084300000)
 Metaspace       used 48297K, committed 49408K, reserved 1114112K
  class space    used 5343K, committed 5824K, reserved 1048576K
}
Event: 12.515 GC heap before
{Heap before GC invocations=22 (full 2):
 PSYoungGen      total 24064K, used 24057K [0x00000000d5580000, 0x00000000d7100000, 0x0000000100000000)
  eden space 22016K, 100% used [0x00000000d5580000,0x00000000d6b00000,0x00000000d6b00000)
  from space 2048K, 99% used [0x00000000d6b00000,0x00000000d6cfe638,0x00000000d6d00000)
  to   space 3072K, 0% used [0x00000000d6e00000,0x00000000d6e00000,0x00000000d7100000)
 ParOldGen       total 68608K, used 24410K [0x0000000080000000, 0x0000000084300000, 0x00000000d5580000)
  object space 68608K, 35% used [0x0000000080000000,0x00000000817d68a0,0x0000000084300000)
 Metaspace       used 50152K, committed 51392K, reserved 1114112K
  class space    used 5535K, committed 6080K, reserved 1048576K
}
Event: 12.519 GC heap after
{Heap after GC invocations=22 (full 2):
 PSYoungGen      total 23040K, used 928K [0x00000000d5580000, 0x00000000d6f00000, 0x0000000100000000)
  eden space 22016K, 0% used [0x00000000d5580000,0x00000000d5580000,0x00000000d6b00000)
  from space 1024K, 90% used [0x00000000d6e00000,0x00000000d6ee8000,0x00000000d6f00000)
  to   space 1536K, 0% used [0x00000000d6c00000,0x00000000d6c00000,0x00000000d6d80000)
 ParOldGen       total 68608K, used 26353K [0x0000000080000000, 0x0000000084300000, 0x00000000d5580000)
  object space 68608K, 38% used [0x0000000080000000,0x00000000819bc500,0x0000000084300000)
 Metaspace       used 50152K, committed 51392K, reserved 1114112K
  class space    used 5535K, committed 6080K, reserved 1048576K
}
Event: 13.301 GC heap before
{Heap before GC invocations=23 (full 2):
 PSYoungGen      total 23040K, used 22944K [0x00000000d5580000, 0x00000000d6f00000, 0x0000000100000000)
  eden space 22016K, 100% used [0x00000000d5580000,0x00000000d6b00000,0x00000000d6b00000)
  from space 1024K, 90% used [0x00000000d6e00000,0x00000000d6ee8000,0x00000000d6f00000)
  to   space 1536K, 0% used [0x00000000d6c00000,0x00000000d6c00000,0x00000000d6d80000)
 ParOldGen       total 68608K, used 26353K [0x0000000080000000, 0x0000000084300000, 0x00000000d5580000)
  object space 68608K, 38% used [0x0000000080000000,0x00000000819bc500,0x0000000084300000)
 Metaspace       used 50548K, committed 51840K, reserved 1114112K
  class space    used 5582K, committed 6144K, reserved 1048576K
}
Event: 13.305 GC heap after
{Heap after GC invocations=23 (full 2):
 PSYoungGen      total 23552K, used 280K [0x00000000d5580000, 0x00000000d6e80000, 0x0000000100000000)
  eden space 22016K, 0% used [0x00000000d5580000,0x00000000d5580000,0x00000000d6b00000)
  from space 1536K, 18% used [0x00000000d6c00000,0x00000000d6c461a8,0x00000000d6d80000)
  to   space 1024K, 0% used [0x00000000d6d80000,0x00000000d6d80000,0x00000000d6e80000)
 ParOldGen       total 68608K, used 27124K [0x0000000080000000, 0x0000000084300000, 0x00000000d5580000)
  object space 68608K, 39% used [0x0000000080000000,0x0000000081a7d260,0x0000000084300000)
 Metaspace       used 50548K, committed 51840K, reserved 1114112K
  class space    used 5582K, committed 6144K, reserved 1048576K
}
Event: 13.944 GC heap before
{Heap before GC invocations=24 (full 2):
 PSYoungGen      total 23552K, used 22296K [0x00000000d5580000, 0x00000000d6e80000, 0x0000000100000000)
  eden space 22016K, 100% used [0x00000000d5580000,0x00000000d6b00000,0x00000000d6b00000)
  from space 1536K, 18% used [0x00000000d6c00000,0x00000000d6c461a8,0x00000000d6d80000)
  to   space 1024K, 0% used [0x00000000d6d80000,0x00000000d6d80000,0x00000000d6e80000)
 ParOldGen       total 68608K, used 64463K [0x0000000080000000, 0x0000000084300000, 0x00000000d5580000)
  object space 68608K, 93% used [0x0000000080000000,0x0000000083ef3db0,0x0000000084300000)
 Metaspace       used 50824K, committed 52032K, reserved 1114112K
  class space    used 5617K, committed 6144K, reserved 1048576K
}
Event: 13.947 GC heap after
{Heap after GC invocations=24 (full 2):
 PSYoungGen      total 22528K, used 448K [0x00000000d5580000, 0x00000000d6e00000, 0x0000000100000000)
  eden space 22016K, 0% used [0x00000000d5580000,0x00000000d5580000,0x00000000d6b00000)
  from space 512K, 87% used [0x00000000d6d80000,0x00000000d6df0000,0x00000000d6e00000)
  to   space 512K, 0% used [0x00000000d6d00000,0x00000000d6d00000,0x00000000d6d80000)
 ParOldGen       total 68608K, used 65999K [0x0000000080000000, 0x0000000084300000, 0x00000000d5580000)
  object space 68608K, 96% used [0x0000000080000000,0x0000000084073e00,0x0000000084300000)
 Metaspace       used 50824K, committed 52032K, reserved 1114112K
  class space    used 5617K, committed 6144K, reserved 1048576K
}
Event: 14.050 GC heap before
{Heap before GC invocations=25 (full 2):
 PSYoungGen      total 22528K, used 22464K [0x00000000d5580000, 0x00000000d6e00000, 0x0000000100000000)
  eden space 22016K, 100% used [0x00000000d5580000,0x00000000d6b00000,0x00000000d6b00000)
  from space 512K, 87% used [0x00000000d6d80000,0x00000000d6df0000,0x00000000d6e00000)
  to   space 512K, 0% used [0x00000000d6d00000,0x00000000d6d00000,0x00000000d6d80000)
 ParOldGen       total 68608K, used 65999K [0x0000000080000000, 0x0000000084300000, 0x00000000d5580000)
  object space 68608K, 96% used [0x0000000080000000,0x0000000084073e00,0x0000000084300000)
 Metaspace       used 50824K, committed 52032K, reserved 1114112K
  class space    used 5617K, committed 6144K, reserved 1048576K
}
Event: 14.068 GC heap after
{Heap after GC invocations=25 (full 2):
 PSYoungGen      total 22528K, used 512K [0x00000000d5580000, 0x00000000d9100000, 0x0000000100000000)
  eden space 22016K, 0% used [0x00000000d5580000,0x00000000d5580000,0x00000000d6b00000)
  from space 512K, 100% used [0x00000000d6d00000,0x00000000d6d80000,0x00000000d6d80000)
  to   space 19456K, 0% used [0x00000000d7e00000,0x00000000d7e00000,0x00000000d9100000)
 ParOldGen       total 82432K, used 82071K [0x0000000080000000, 0x0000000085080000, 0x00000000d5580000)
  object space 82432K, 99% used [0x0000000080000000,0x0000000085025e00,0x0000000085080000)
 Metaspace       used 50824K, committed 52032K, reserved 1114112K
  class space    used 5617K, committed 6144K, reserved 1048576K
}
Event: 14.186 GC heap before
{Heap before GC invocations=26 (full 2):
 PSYoungGen      total 22528K, used 22528K [0x00000000d5580000, 0x00000000d9100000, 0x0000000100000000)
  eden space 22016K, 100% used [0x00000000d5580000,0x00000000d6b00000,0x00000000d6b00000)
  from space 512K, 100% used [0x00000000d6d00000,0x00000000d6d80000,0x00000000d6d80000)
  to   space 19456K, 0% used [0x00000000d7e00000,0x00000000d7e00000,0x00000000d9100000)
 ParOldGen       total 82432K, used 82071K [0x0000000080000000, 0x0000000085080000, 0x00000000d5580000)
  object space 82432K, 99% used [0x0000000080000000,0x0000000085025e00,0x0000000085080000)
 Metaspace       used 50824K, committed 52032K, reserved 1114112K
  class space    used 5617K, committed 6144K, reserved 1048576K
}
Event: 14.204 GC heap after
{Heap after GC invocations=26 (full 2):
 PSYoungGen      total 38912K, used 16864K [0x00000000d5580000, 0x00000000d8e80000, 0x0000000100000000)
  eden space 22016K, 0% used [0x00000000d5580000,0x00000000d5580000,0x00000000d6b00000)
  from space 16896K, 99% used [0x00000000d7e00000,0x00000000d8e78000,0x00000000d8e80000)
  to   space 17920K, 0% used [0x00000000d6b80000,0x00000000d6b80000,0x00000000d7d00000)
 ParOldGen       total 82944K, used 82607K [0x0000000080000000, 0x0000000085100000, 0x00000000d5580000)
  object space 82944K, 99% used [0x0000000080000000,0x00000000850abe00,0x0000000085100000)
 Metaspace       used 50824K, committed 52032K, reserved 1114112K
  class space    used 5617K, committed 6144K, reserved 1048576K
}

